# JRE version: Java(TM) SE Runtime Environment (17.0.10+11) (build 17.0.10+11-LTS-240)
# Java VM: Java HotSpot(TM) 64-Bit Server VM (17.0.10+11-LTS-240, mixed mode, emulated-client, sharing, tiered, compressed oops, compressed class ptrs, g1 gc, windows-amd64)
GC Precious Log:
 CPUs: 4 total, 4 available
 Memory: 8127M
 Large Page Support: Disabled
 NUMA Support: Disabled
 Compressed Oops: Enabled (32-bit)
 Heap Region Size: 1M
 Heap Min Capacity: 8M
 Heap Initial Capacity: 128M
 Heap Max Capacity: 2032M
 Pre-touch: Disabled
 Parallel Workers: 4
 Concurrent Workers: 1
 Concurrent Refinement Workers: 4
 Periodic GC: Disabled
Heap:
 garbage-first heap   total 372736K, used 124936K [0x0000000081000000, 0x0000000100000000)
  region size 1024K, 7 young (7168K), 7 survivors (7168K)
 Metaspace       used 89139K, committed 90560K, reserved 1179648K
  class space    used 12496K, committed 13184K, reserved 1048576K
GC Heap History (20 events):
Event: 5059.296 GC heap after
{Heap after GC invocations=238 (full 49):
 garbage-first heap   total 296960K, used 89935K [0x0000000081000000, 0x0000000100000000)
  region size 1024K, 2 young (2048K), 2 survivors (2048K)
 Metaspace       used 86397K, committed 87616K, reserved 1179648K
  class space    used 12253K, committed 12864K, reserved 1048576K
}
Event: 5083.805 GC heap before
{Heap before GC invocations=238 (full 49):
 garbage-first heap   total 296960K, used 238415K [0x0000000081000000, 0x0000000100000000)
  region size 1024K, 148 young (151552K), 2 survivors (2048K)
 Metaspace       used 86681K, committed 87936K, reserved 1179648K
  class space    used 12279K, committed 12928K, reserved 1048576K
}
Event: 5083.827 GC heap after
{Heap after GC invocations=239 (full 49):
 garbage-first heap   total 296960K, used 95323K [0x0000000081000000, 0x0000000100000000)
  region size 1024K, 7 young (7168K), 7 survivors (7168K)
 Metaspace       used 86681K, committed 87936K, reserved 1179648K
  class space    used 12279K, committed 12928K, reserved 1048576K
}
Event: 5095.818 GC heap before
{Heap before GC invocations=240 (full 49):
 garbage-first heap   total 296960K, used 241755K [0x0000000081000000, 0x0000000100000000)
  region size 1024K, 151 young (154624K), 7 survivors (7168K)
 Metaspace       used 87127K, committed 88384K, reserved 1179648K
  class space    used 12316K, committed 12928K, reserved 1048576K
}
Event: 5095.830 GC heap after
{Heap after GC invocations=241 (full 49):
 garbage-first heap   total 296960K, used 100738K [0x0000000081000000, 0x0000000100000000)
  region size 1024K, 12 young (12288K), 12 survivors (12288K)
 Metaspace       used 87127K, committed 88384K, reserved 1179648K
  class space    used 12316K, committed 12928K, reserved 1048576K
}
Event: 5095.856 GC heap before
{Heap before GC invocations=241 (full 49):
 garbage-first heap   total 296960K, used 102786K [0x0000000081000000, 0x0000000100000000)
  region size 1024K, 14 young (14336K), 12 survivors (12288K)
 Metaspace       used 87127K, committed 88384K, reserved 1179648K
  class space    used 12316K, committed 12928K, reserved 1048576K
}
Event: 5095.864 GC heap after
{Heap after GC invocations=242 (full 49):
 garbage-first heap   total 296960K, used 99720K [0x0000000081000000, 0x0000000100000000)
  region size 1024K, 2 young (2048K), 2 survivors (2048K)
 Metaspace       used 87127K, committed 88384K, reserved 1179648K
  class space    used 12316K, committed 12928K, reserved 1048576K
}
Event: 5109.409 GC heap before
{Heap before GC invocations=242 (full 49):
 garbage-first heap   total 296960K, used 243080K [0x0000000081000000, 0x0000000100000000)
  region size 1024K, 143 young (146432K), 2 survivors (2048K)
 Metaspace       used 87609K, committed 88896K, reserved 1179648K
  class space    used 12357K, committed 12992K, reserved 1048576K
}
Event: 5109.415 GC heap after
{Heap after GC invocations=243 (full 49):
 garbage-first heap   total 296960K, used 105895K [0x0000000081000000, 0x0000000100000000)
  region size 1024K, 8 young (8192K), 8 survivors (8192K)
 Metaspace       used 87609K, committed 88896K, reserved 1179648K
  class space    used 12357K, committed 12992K, reserved 1048576K
}
Event: 5115.088 GC heap before
{Heap before GC invocations=244 (full 49):
 garbage-first heap   total 296960K, used 244135K [0x0000000081000000, 0x0000000100000000)
  region size 1024K, 144 young (147456K), 8 survivors (8192K)
 Metaspace       used 88090K, committed 89408K, reserved 1179648K
  class space    used 12399K, committed 13056K, reserved 1048576K
}
Event: 5115.095 GC heap after
{Heap after GC invocations=245 (full 49):
 garbage-first heap   total 296960K, used 111513K [0x0000000081000000, 0x0000000100000000)
  region size 1024K, 13 young (13312K), 13 survivors (13312K)
 Metaspace       used 88090K, committed 89408K, reserved 1179648K
  class space    used 12399K, committed 13056K, reserved 1048576K
}
Event: 5115.108 GC heap before
{Heap before GC invocations=245 (full 49):
 garbage-first heap   total 296960K, used 112537K [0x0000000081000000, 0x0000000100000000)
  region size 1024K, 14 young (14336K), 13 survivors (13312K)
 Metaspace       used 88090K, committed 89408K, reserved 1179648K
  class space    used 12399K, committed 13056K, reserved 1048576K
}
Event: 5115.116 GC heap after
{Heap after GC invocations=246 (full 49):
 garbage-first heap   total 296960K, used 111454K [0x0000000081000000, 0x0000000100000000)
  region size 1024K, 2 young (2048K), 2 survivors (2048K)
 Metaspace       used 88090K, committed 89408K, reserved 1179648K
  class space    used 12399K, committed 13056K, reserved 1048576K
}
Event: 5136.011 GC heap before
{Heap before GC invocations=246 (full 49):
 garbage-first heap   total 296960K, used 244574K [0x0000000081000000, 0x0000000100000000)
  region size 1024K, 133 young (136192K), 2 survivors (2048K)
 Metaspace       used 88334K, committed 89664K, reserved 1179648K
  class space    used 12420K, committed 13056K, reserved 1048576K
}
Event: 5136.023 GC heap after
{Heap after GC invocations=247 (full 49):
 garbage-first heap   total 296960K, used 115091K [0x0000000081000000, 0x0000000100000000)
  region size 1024K, 6 young (6144K), 6 survivors (6144K)
 Metaspace       used 88334K, committed 89664K, reserved 1179648K
  class space    used 12420K, committed 13056K, reserved 1048576K
}
Event: 5142.506 GC heap before
{Heap before GC invocations=248 (full 49):
 garbage-first heap   total 296960K, used 245139K [0x0000000081000000, 0x0000000100000000)
  region size 1024K, 134 young (137216K), 6 survivors (6144K)
 Metaspace       used 88767K, committed 90112K, reserved 1179648K
  class space    used 12459K, committed 13120K, reserved 1048576K
}
Event: 5142.513 GC heap after
{Heap after GC invocations=249 (full 49):
 garbage-first heap   total 296960K, used 120356K [0x0000000081000000, 0x0000000100000000)
  region size 1024K, 11 young (11264K), 11 survivors (11264K)
 Metaspace       used 88767K, committed 90112K, reserved 1179648K
  class space    used 12459K, committed 13120K, reserved 1048576K
}
Event: 5142.541 GC heap before
{Heap before GC invocations=249 (full 49):
 garbage-first heap   total 296960K, used 123428K [0x0000000081000000, 0x0000000100000000)
  region size 1024K, 14 young (14336K), 11 survivors (11264K)
 Metaspace       used 88767K, committed 90112K, reserved 1179648K
  class space    used 12459K, committed 13120K, reserved 1048576K
}
Event: 5142.549 GC heap after
{Heap after GC invocations=250 (full 49):
 garbage-first heap   total 296960K, used 120212K [0x0000000081000000, 0x0000000100000000)
  region size 1024K, 2 young (2048K), 2 survivors (2048K)
 Metaspace       used 88767K, committed 90112K, reserved 1179648K
  class space    used 12459K, committed 13120K, reserved 1048576K
}
Event: 5150.510 GC heap before
{Heap before GC invocations=250 (full 49):
 garbage-first heap   total 296960K, used 245140K [0x0000000081000000, 0x0000000100000000)
  region size 1024K, 125 young (128000K), 2 survivors (2048K)
 Metaspace       used 89139K, committed 90560K, reserved 1179648K
  class space    used 12496K, committed 13184K, reserved 1048576K
}

