# JRE version: OpenJDK Runtime Environment Temurin-17.0.11+9 (17.0.11+9) (build 17.0.11+9)
# Java VM: OpenJDK 64-Bit Server VM Temurin-17.0.11+9 (17.0.11+9, mixed mode, tiered, compressed oops, compressed class ptrs, parallel gc, windows-amd64)
GC Precious Log:
 CPUs: 4 total, 4 available
 Memory: 8127M
 Large Page Support: Disabled
 NUMA Support: Disabled
 Compressed Oops: Enabled (32-bit)
 Alignments: Space 512K, Generation 512K, Heap 2M
 Heap Min Capacity: 100M
 Heap Initial Capacity: 100M
 Heap Max Capacity: 1G
 Pre-touch: Disabled
 Parallel Workers: 4
Heap:
 PSYoungGen      total 11264K, used 10655K [0x00000000eab00000, 0x00000000ec000000, 0x0000000100000000)
  eden space 9216K, 96% used [0x00000000eab00000,0x00000000eb3b9538,0x00000000eb400000)
  from space 2048K, 84% used [0x00000000ebe00000,0x00000000ebfae900,0x00000000ec000000)
  to   space 4608K, 0% used [0x00000000eb700000,0x00000000eb700000,0x00000000ebb80000)
 ParOldGen       total 286720K, used 220310K [0x00000000c0000000, 0x00000000d1800000, 0x00000000eab00000)
  object space 286720K, 76% used [0x00000000c0000000,0x00000000cd725850,0x00000000d1800000)
 Metaspace       used 104692K, committed 106240K, reserved 1179648K
  class space    used 10261K, committed 10944K, reserved 1048576K
GC Heap History (20 events):
Event: 7643.457 GC heap before
{Heap before GC invocations=10310 (full 216):
 PSYoungGen      total 5120K, used 4480K [0x00000000eab00000, 0x00000000eb100000, 0x0000000100000000)
  eden space 4096K, 100% used [0x00000000eab00000,0x00000000eaf00000,0x00000000eaf00000)
  from space 1024K, 37% used [0x00000000eb000000,0x00000000eb060000,0x00000000eb100000)
  to   space 1024K, 0% used [0x00000000eaf00000,0x00000000eaf00000,0x00000000eb000000)
 ParOldGen       total 286720K, used 199355K [0x00000000c0000000, 0x00000000d1800000, 0x00000000eab00000)
  object space 286720K, 69% used [0x00000000c0000000,0x00000000cc2aee78,0x00000000d1800000)
 Metaspace       used 104691K, committed 106240K, reserved 1179648K
  class space    used 10261K, committed 10944K, reserved 1048576K
}
Event: 7643.460 GC heap after
{Heap after GC invocations=10310 (full 216):
 PSYoungGen      total 5120K, used 512K [0x00000000eab00000, 0x00000000eb200000, 0x0000000100000000)
  eden space 4096K, 0% used [0x00000000eab00000,0x00000000eab00000,0x00000000eaf00000)
  from space 1024K, 50% used [0x00000000eaf00000,0x00000000eaf80000,0x00000000eb000000)
  to   space 1024K, 0% used [0x00000000eb100000,0x00000000eb100000,0x00000000eb200000)
 ParOldGen       total 286720K, used 199663K [0x00000000c0000000, 0x00000000d1800000, 0x00000000eab00000)
  object space 286720K, 69% used [0x00000000c0000000,0x00000000cc2fbe88,0x00000000d1800000)
 Metaspace       used 104691K, committed 106240K, reserved 1179648K
  class space    used 10261K, committed 10944K, reserved 1048576K
}
Event: 7643.484 GC heap before
{Heap before GC invocations=10311 (full 216):
 PSYoungGen      total 5120K, used 4608K [0x00000000eab00000, 0x00000000eb200000, 0x0000000100000000)
  eden space 4096K, 100% used [0x00000000eab00000,0x00000000eaf00000,0x00000000eaf00000)
  from space 1024K, 50% used [0x00000000eaf00000,0x00000000eaf80000,0x00000000eb000000)
  to   space 1024K, 0% used [0x00000000eb100000,0x00000000eb100000,0x00000000eb200000)
 ParOldGen       total 286720K, used 199663K [0x00000000c0000000, 0x00000000d1800000, 0x00000000eab00000)
  object space 286720K, 69% used [0x00000000c0000000,0x00000000cc2fbe88,0x00000000d1800000)
 Metaspace       used 104692K, committed 106240K, reserved 1179648K
  class space    used 10261K, committed 10944K, reserved 1048576K
}
Event: 7643.486 GC heap after
{Heap after GC invocations=10311 (full 216):
 PSYoungGen      total 6144K, used 736K [0x00000000eab00000, 0x00000000eb200000, 0x0000000100000000)
  eden space 5120K, 0% used [0x00000000eab00000,0x00000000eab00000,0x00000000eb000000)
  from space 1024K, 71% used [0x00000000eb100000,0x00000000eb1b8000,0x00000000eb200000)
  to   space 1024K, 0% used [0x00000000eb000000,0x00000000eb000000,0x00000000eb100000)
 ParOldGen       total 286720K, used 200083K [0x00000000c0000000, 0x00000000d1800000, 0x00000000eab00000)
  object space 286720K, 69% used [0x00000000c0000000,0x00000000cc364ef8,0x00000000d1800000)
 Metaspace       used 104692K, committed 106240K, reserved 1179648K
  class space    used 10261K, committed 10944K, reserved 1048576K
}
Event: 7643.509 GC heap before
{Heap before GC invocations=10312 (full 216):
 PSYoungGen      total 6144K, used 5856K [0x00000000eab00000, 0x00000000eb200000, 0x0000000100000000)
  eden space 5120K, 100% used [0x00000000eab00000,0x00000000eb000000,0x00000000eb000000)
  from space 1024K, 71% used [0x00000000eb100000,0x00000000eb1b8000,0x00000000eb200000)
  to   space 1024K, 0% used [0x00000000eb000000,0x00000000eb000000,0x00000000eb100000)
 ParOldGen       total 286720K, used 200083K [0x00000000c0000000, 0x00000000d1800000, 0x00000000eab00000)
  object space 286720K, 69% used [0x00000000c0000000,0x00000000cc364ef8,0x00000000d1800000)
 Metaspace       used 104692K, committed 106240K, reserved 1179648K
  class space    used 10261K, committed 10944K, reserved 1048576K
}
Event: 7643.511 GC heap after
{Heap after GC invocations=10312 (full 216):
 PSYoungGen      total 6144K, used 628K [0x00000000eab00000, 0x00000000eb300000, 0x0000000100000000)
  eden space 5120K, 0% used [0x00000000eab00000,0x00000000eab00000,0x00000000eb000000)
  from space 1024K, 61% used [0x00000000eb000000,0x00000000eb09d200,0x00000000eb100000)
  to   space 1024K, 0% used [0x00000000eb200000,0x00000000eb200000,0x00000000eb300000)
 ParOldGen       total 286720K, used 200769K [0x00000000c0000000, 0x00000000d1800000, 0x00000000eab00000)
  object space 286720K, 70% used [0x00000000c0000000,0x00000000cc410678,0x00000000d1800000)
 Metaspace       used 104692K, committed 106240K, reserved 1179648K
  class space    used 10261K, committed 10944K, reserved 1048576K
}
Event: 7644.025 GC heap before
{Heap before GC invocations=10313 (full 216):
 PSYoungGen      total 6144K, used 5748K [0x00000000eab00000, 0x00000000eb300000, 0x0000000100000000)
  eden space 5120K, 100% used [0x00000000eab00000,0x00000000eb000000,0x00000000eb000000)
  from space 1024K, 61% used [0x00000000eb000000,0x00000000eb09d200,0x00000000eb100000)
  to   space 1024K, 0% used [0x00000000eb200000,0x00000000eb200000,0x00000000eb300000)
 ParOldGen       total 286720K, used 200769K [0x00000000c0000000, 0x00000000d1800000, 0x00000000eab00000)
  object space 286720K, 70% used [0x00000000c0000000,0x00000000cc410678,0x00000000d1800000)
 Metaspace       used 104692K, committed 106240K, reserved 1179648K
  class space    used 10261K, committed 10944K, reserved 1048576K
}
Event: 7644.026 GC heap after
{Heap after GC invocations=10313 (full 216):
 PSYoungGen      total 7168K, used 666K [0x00000000eab00000, 0x00000000eb300000, 0x0000000100000000)
  eden space 6144K, 0% used [0x00000000eab00000,0x00000000eab00000,0x00000000eb100000)
  from space 1024K, 65% used [0x00000000eb200000,0x00000000eb2a6920,0x00000000eb300000)
  to   space 1024K, 0% used [0x00000000eb100000,0x00000000eb100000,0x00000000eb200000)
 ParOldGen       total 286720K, used 201331K [0x00000000c0000000, 0x00000000d1800000, 0x00000000eab00000)
  object space 286720K, 70% used [0x00000000c0000000,0x00000000cc49cee0,0x00000000d1800000)
 Metaspace       used 104692K, committed 106240K, reserved 1179648K
  class space    used 10261K, committed 10944K, reserved 1048576K
}
Event: 7644.041 GC heap before
{Heap before GC invocations=10314 (full 216):
 PSYoungGen      total 7168K, used 6810K [0x00000000eab00000, 0x00000000eb300000, 0x0000000100000000)
  eden space 6144K, 100% used [0x00000000eab00000,0x00000000eb100000,0x00000000eb100000)
  from space 1024K, 65% used [0x00000000eb200000,0x00000000eb2a6920,0x00000000eb300000)
  to   space 1024K, 0% used [0x00000000eb100000,0x00000000eb100000,0x00000000eb200000)
 ParOldGen       total 286720K, used 201331K [0x00000000c0000000, 0x00000000d1800000, 0x00000000eab00000)
  object space 286720K, 70% used [0x00000000c0000000,0x00000000cc49cee0,0x00000000d1800000)
 Metaspace       used 104692K, committed 106240K, reserved 1179648K
  class space    used 10261K, committed 10944K, reserved 1048576K
}
Event: 7644.046 GC heap after
{Heap after GC invocations=10314 (full 216):
 PSYoungGen      total 7168K, used 1016K [0x00000000eab00000, 0x00000000ec280000, 0x0000000100000000)
  eden space 6144K, 0% used [0x00000000eab00000,0x00000000eab00000,0x00000000eb100000)
  from space 1024K, 99% used [0x00000000eb100000,0x00000000eb1fe0b0,0x00000000eb200000)
  to   space 8192K, 0% used [0x00000000eba80000,0x00000000eba80000,0x00000000ec280000)
 ParOldGen       total 286720K, used 207118K [0x00000000c0000000, 0x00000000d1800000, 0x00000000eab00000)
  object space 286720K, 72% used [0x00000000c0000000,0x00000000cca438a0,0x00000000d1800000)
 Metaspace       used 104692K, committed 106240K, reserved 1179648K
  class space    used 10261K, committed 10944K, reserved 1048576K
}
Event: 7644.082 GC heap before
{Heap before GC invocations=10315 (full 216):
 PSYoungGen      total 7168K, used 7160K [0x00000000eab00000, 0x00000000ec280000, 0x0000000100000000)
  eden space 6144K, 100% used [0x00000000eab00000,0x00000000eb100000,0x00000000eb100000)
  from space 1024K, 99% used [0x00000000eb100000,0x00000000eb1fe0b0,0x00000000eb200000)
  to   space 8192K, 0% used [0x00000000eba80000,0x00000000eba80000,0x00000000ec280000)
 ParOldGen       total 286720K, used 207118K [0x00000000c0000000, 0x00000000d1800000, 0x00000000eab00000)
  object space 286720K, 72% used [0x00000000c0000000,0x00000000cca438a0,0x00000000d1800000)
 Metaspace       used 104692K, committed 106240K, reserved 1179648K
  class space    used 10261K, committed 10944K, reserved 1048576K
}
Event: 7644.085 GC heap after
{Heap after GC invocations=10315 (full 216):
 PSYoungGen      total 10752K, used 2682K [0x00000000eab00000, 0x00000000ebd80000, 0x0000000100000000)
  eden space 7680K, 0% used [0x00000000eab00000,0x00000000eab00000,0x00000000eb280000)
  from space 3072K, 87% used [0x00000000eba80000,0x00000000ebd1e900,0x00000000ebd80000)
  to   space 4608K, 0% used [0x00000000eb480000,0x00000000eb480000,0x00000000eb900000)
 ParOldGen       total 286720K, used 208150K [0x00000000c0000000, 0x00000000d1800000, 0x00000000eab00000)
  object space 286720K, 72% used [0x00000000c0000000,0x00000000ccb45950,0x00000000d1800000)
 Metaspace       used 104692K, committed 106240K, reserved 1179648K
  class space    used 10261K, committed 10944K, reserved 1048576K
}
Event: 7644.132 GC heap before
{Heap before GC invocations=10316 (full 216):
 PSYoungGen      total 10752K, used 10362K [0x00000000eab00000, 0x00000000ebd80000, 0x0000000100000000)
  eden space 7680K, 100% used [0x00000000eab00000,0x00000000eb280000,0x00000000eb280000)
  from space 3072K, 87% used [0x00000000eba80000,0x00000000ebd1e900,0x00000000ebd80000)
  to   space 4608K, 0% used [0x00000000eb480000,0x00000000eb480000,0x00000000eb900000)
 ParOldGen       total 286720K, used 208150K [0x00000000c0000000, 0x00000000d1800000, 0x00000000eab00000)
  object space 286720K, 72% used [0x00000000c0000000,0x00000000ccb45950,0x00000000d1800000)
 Metaspace       used 104692K, committed 106240K, reserved 1179648K
  class space    used 10261K, committed 10944K, reserved 1048576K
}
Event: 7644.134 GC heap after
{Heap after GC invocations=10316 (full 216):
 PSYoungGen      total 12288K, used 852K [0x00000000eab00000, 0x00000000ebb00000, 0x0000000100000000)
  eden space 7680K, 0% used [0x00000000eab00000,0x00000000eab00000,0x00000000eb280000)
  from space 4608K, 18% used [0x00000000eb480000,0x00000000eb555200,0x00000000eb900000)
  to   space 2048K, 0% used [0x00000000eb900000,0x00000000eb900000,0x00000000ebb00000)
 ParOldGen       total 286720K, used 210702K [0x00000000c0000000, 0x00000000d1800000, 0x00000000eab00000)
  object space 286720K, 73% used [0x00000000c0000000,0x00000000ccdc3ba0,0x00000000d1800000)
 Metaspace       used 104692K, committed 106240K, reserved 1179648K
  class space    used 10261K, committed 10944K, reserved 1048576K
}
Event: 7644.419 GC heap before
{Heap before GC invocations=10317 (full 216):
 PSYoungGen      total 12288K, used 8254K [0x00000000eab00000, 0x00000000ebb00000, 0x0000000100000000)
  eden space 7680K, 96% used [0x00000000eab00000,0x00000000eb23a9b0,0x00000000eb280000)
  from space 4608K, 18% used [0x00000000eb480000,0x00000000eb555200,0x00000000eb900000)
  to   space 2048K, 0% used [0x00000000eb900000,0x00000000eb900000,0x00000000ebb00000)
 ParOldGen       total 286720K, used 210702K [0x00000000c0000000, 0x00000000d1800000, 0x00000000eab00000)
  object space 286720K, 73% used [0x00000000c0000000,0x00000000ccdc3ba0,0x00000000d1800000)
 Metaspace       used 104692K, committed 106240K, reserved 1179648K
  class space    used 10261K, committed 10944K, reserved 1048576K
}
Event: 7644.422 GC heap after
{Heap after GC invocations=10317 (full 216):
 PSYoungGen      total 9216K, used 1130K [0x00000000eab00000, 0x00000000eba80000, 0x0000000100000000)
  eden space 7680K, 0% used [0x00000000eab00000,0x00000000eab00000,0x00000000eb280000)
  from space 1536K, 73% used [0x00000000eb900000,0x00000000eba1a930,0x00000000eba80000)
  to   space 1536K, 0% used [0x00000000eb780000,0x00000000eb780000,0x00000000eb900000)
 ParOldGen       total 286720K, used 211487K [0x00000000c0000000, 0x00000000d1800000, 0x00000000eab00000)
  object space 286720K, 73% used [0x00000000c0000000,0x00000000cce87db0,0x00000000d1800000)
 Metaspace       used 104692K, committed 106240K, reserved 1179648K
  class space    used 10261K, committed 10944K, reserved 1048576K
}
Event: 7644.441 GC heap before
{Heap before GC invocations=10318 (full 216):
 PSYoungGen      total 9216K, used 8810K [0x00000000eab00000, 0x00000000eba80000, 0x0000000100000000)
  eden space 7680K, 100% used [0x00000000eab00000,0x00000000eb280000,0x00000000eb280000)
  from space 1536K, 73% used [0x00000000eb900000,0x00000000eba1a930,0x00000000eba80000)
  to   space 1536K, 0% used [0x00000000eb780000,0x00000000eb780000,0x00000000eb900000)
 ParOldGen       total 286720K, used 211487K [0x00000000c0000000, 0x00000000d1800000, 0x00000000eab00000)
  object space 286720K, 73% used [0x00000000c0000000,0x00000000cce87db0,0x00000000d1800000)
 Metaspace       used 104692K, committed 106240K, reserved 1179648K
  class space    used 10261K, committed 10944K, reserved 1048576K
}
Event: 7644.448 GC heap after
{Heap after GC invocations=10318 (full 216):
 PSYoungGen      total 10752K, used 1528K [0x00000000eab00000, 0x00000000ec800000, 0x0000000100000000)
  eden space 9216K, 0% used [0x00000000eab00000,0x00000000eab00000,0x00000000eb400000)
  from space 1536K, 99% used [0x00000000eb780000,0x00000000eb8fe0b0,0x00000000eb900000)
  to   space 10240K, 0% used [0x00000000ebe00000,0x00000000ebe00000,0x00000000ec800000)
 ParOldGen       total 286720K, used 218757K [0x00000000c0000000, 0x00000000d1800000, 0x00000000eab00000)
  object space 286720K, 76% used [0x00000000c0000000,0x00000000cd5a17a0,0x00000000d1800000)
 Metaspace       used 104692K, committed 106240K, reserved 1179648K
  class space    used 10261K, committed 10944K, reserved 1048576K
}
Event: 7644.511 GC heap before
{Heap before GC invocations=10319 (full 216):
 PSYoungGen      total 10752K, used 10744K [0x00000000eab00000, 0x00000000ec800000, 0x0000000100000000)
  eden space 9216K, 100% used [0x00000000eab00000,0x00000000eb400000,0x00000000eb400000)
  from space 1536K, 99% used [0x00000000eb780000,0x00000000eb8fe0b0,0x00000000eb900000)
  to   space 10240K, 0% used [0x00000000ebe00000,0x00000000ebe00000,0x00000000ec800000)
 ParOldGen       total 286720K, used 218757K [0x00000000c0000000, 0x00000000d1800000, 0x00000000eab00000)
  object space 286720K, 76% used [0x00000000c0000000,0x00000000cd5a17a0,0x00000000d1800000)
 Metaspace       used 104692K, committed 106240K, reserved 1179648K
  class space    used 10261K, committed 10944K, reserved 1048576K
}
Event: 7644.513 GC heap after
{Heap after GC invocations=10319 (full 216):
 PSYoungGen      total 11264K, used 1722K [0x00000000eab00000, 0x00000000ec000000, 0x0000000100000000)
  eden space 9216K, 0% used [0x00000000eab00000,0x00000000eab00000,0x00000000eb400000)
  from space 2048K, 84% used [0x00000000ebe00000,0x00000000ebfae900,0x00000000ec000000)
  to   space 4608K, 0% used [0x00000000eb700000,0x00000000eb700000,0x00000000ebb80000)
 ParOldGen       total 286720K, used 220310K [0x00000000c0000000, 0x00000000d1800000, 0x00000000eab00000)
  object space 286720K, 76% used [0x00000000c0000000,0x00000000cd725850,0x00000000d1800000)
 Metaspace       used 104692K, committed 106240K, reserved 1179648K
  class space    used 10261K, committed 10944K, reserved 1048576K
}

